C51 COMPILER V9.60.0.0   MAIN                                                              01/21/2024 09:58:46 PAGE 1   


C51 COMPILER V9.60.0.0, COMPILATION OF MODULE MAIN
OBJECT MODULE PLACED IN .\Objects\main.obj
COMPILER INVOKED BY: D:\keil_v5\C51\BIN\C51.EXE main.c OPTIMIZE(8,SPEED) BROWSE DEBUG OBJECTEXTEND PRINT(.\Listings\main
                    -.lst) OBJECT(.\Objects\main.obj)

line level    source

   1          #include <REGX52.H>
   2          #include <INTRINS.H>
   3          
   4          /*
   5          0000 0          0100 4          1000 8          1100 C
   6          0001 1          0101 5          1001 9          1101 D
   7          0010 2          0110 6          1010 A          1110 E
   8          0011 3          0111 7          1011 B          1111 F
   9          */
  10          
  11          void Delay500ms()       //@12.000MHz
  12          {
  13   1              unsigned char data i, j, k;
  14   1      
  15   1              _nop_();
  16   1              i = 4;
  17   1              j = 205;
  18   1              k = 187;
  19   1              do
  20   1              {
  21   2                      do
  22   2                      {
  23   3                              while (--k);
  24   3                      } while (--j);
  25   2              } while (--i);
  26   1      }
  27          
  28          void main()
  29          {
  30   1              while(1)
  31   1              {
  32   2                      P0=0xFE;
  33   2                      Delay500ms();
  34   2                      P0=0xFF;
  35   2                      Delay500ms();
  36   2              }
  37   1      }


MODULE INFORMATION:   STATIC OVERLAYABLE
   CODE SIZE        =     28    ----
   CONSTANT SIZE    =   ----    ----
   XDATA SIZE       =   ----    ----
   PDATA SIZE       =   ----    ----
   DATA SIZE        =   ----    ----
   IDATA SIZE       =   ----    ----
   BIT SIZE         =   ----    ----
END OF MODULE INFORMATION.


C51 COMPILATION COMPLETE.  0 WARNING(S),  0 ERROR(S)
